<?xml version="1.0" encoding="UTF-8"?>
<!-- Generated by org.testng.reporters.JUnitReportReporter -->
<testsuite hostname="BSBDSK139" name="tests.Testes" tests="1" failures="0" timestamp="26 Sep 2019 17:27:51 GMT" time="13.146" errors="0">
  <testcase name="login" time="13.146" classname="tests.Testes"/>
</testsuite> <!-- tests.Testes -->
